
The double precision Abaqus/Package executable will be used in this analysis.

Abaqus/Explicit 2023                             DATE 10-Nov-2025  TIME 09:47:53
-------------------------------------------------------------------------------
 PREPROCESSOR WARNING MESSAGES
-------------------------------------------------------------------------------


***WARNING: There are 11 warning messages in the data (.dat) file.  Please
            check the data file for possible errors in the input file.


-------------------------------------------------------------------------------
           DOMAIN DECOMPOSITION INFORMATION
-------------------------------------------------------------------------------


     DOMAIN 1 HAS 36 ELEMENTS AND 50 NODES with WEIGHT 16.608

     DOMAIN 2 HAS 36 ELEMENTS AND 52 NODES with WEIGHT 16.485

     DOMAIN 3 HAS 63 ELEMENTS AND 67 NODES with WEIGHT 16.758

     DOMAIN 4 HAS 37 ELEMENTS AND 52 NODES with WEIGHT 16.924

     DOMAIN 5 HAS 52 ELEMENTS AND 65 NODES with WEIGHT 16.678

     DOMAIN 6 HAS 36 ELEMENTS AND 52 NODES with WEIGHT 16.547


-------------------------------------------------------------------------------
  USER SUBROUTINE VUMAT
-------------------------------------------------------------------------------


***WARNING: A material defined in user subroutine VUMAT must be defined as
            purely elastic (using the initial elastic modulus) at the
            beginning of the analysis (stepTime=0). This is an informative
            message. It does not necessarily indicate that user subroutine
            VUMAT is incorrectly defined.


-------------------------------------------------------------------------------
 MODEL INFORMATION (IN GLOBAL X-Y COORDINATES)
-------------------------------------------------------------------------------

   Total mass in model = 5.67212E-10
   Center of mass of model = ( 4.918553E-01, 1.610903E-01)

   Moments of Inertia :
                 About Center of Mass              About Origin
      I(XX)          5.439104E-12                  2.015831E-11
      I(YY)          4.634084E-11                  1.835618E-10
      I(XY)          9.458519E-13                 -4.399615E-11
      I(ZZ)          5.177994E-11                  2.037201E-10

-------------------------------------------------------------------------------
 STABLE TIME INCREMENT INFORMATION
-------------------------------------------------------------------------------


  The stable time increment estimate for each element is based on
  linearization about the initial state.


   Initial time increment = 2.04460E-10

   Statistics for all elements:
      Mean = 1.01803E-08
      Standard deviation = 5.14154E-09

   Most critical elements:
    Element number   Rank    Time increment   Increment ratio
    (Instance name)
   ----------------------------------------------------------


  Instance name for the most critical element will be printed if the critical
  element changes or at the beginning of a new page.


-------------------------------------------------------------------------------

  INFORMATION REGARDING INITIAL CONTACT OVERCLOSURES FOR NEWLY DEFINED GENERAL
  CONTACT INTERACTIONS IN STEP 1

-------------------------------------------------------------------------------

  No initial node-face overclosures found.


  No nodal position adjustments have been made.


  No unresolved initial node-face overclosures found.


Abaqus/Explicit 2023                             DATE 10-Nov-2025  TIME 09:47:57

The double precision Abaqus/Explicit executable will be used in this analysis.

The model has been decomposed into 6 domains.
Domain level parallelization will be used with 6 processors.

-------------------------------------------------------------------------------
 SOLUTION PROGRESS
-------------------------------------------------------------------------------

 STEP 1  ORIGIN 0.0000

  Total memory used for step 1 is approximately 4.5 megabytes.
  Element by element stable time estimation algorithm will be used.
  Scaling factor:  1.0000
              STEP     TOTAL      WALL      STABLE    CRITICAL    KINETIC      TOTAL
INCREMENT     TIME      TIME      TIME   INCREMENT     ELEMENT     ENERGY     ENERGY
        0  0.000E+00 0.000E+00  00:00:00 2.045E-10          18  4.653E-08  4.653E-08
INSTANCE WITH CRITICAL ELEMENT: PART-ROLL-BOTTOM-1-1
Output Field Frame Number   0, of   20, at step time 0.000E+00
Output Field Frame Number   0, of   50, at step time 0.000E+00
    18432  3.700E-06 3.700E-06  00:00:15 2.045E-10          18  3.113E-05  1.160E-04
INSTANCE WITH CRITICAL ELEMENT: PART-ROLL-BOTTOM-1-1
Output Field Frame Number   1, of   50, at step time 3.700E-06
    37173  7.400E-06 7.400E-06  00:00:31 1.949E-10          18  9.178E-06  3.300E-05
INSTANCE WITH CRITICAL ELEMENT: PART-ROLL-BOTTOM-1-1
Output Field Frame Number   2, of   50, at step time 7.400E-06
    46663  9.250E-06 9.250E-06  00:00:39 1.949E-10          18  1.012E-05 -1.340E-05
INSTANCE WITH CRITICAL ELEMENT: PART-ROLL-BOTTOM-1-1
Output Field Frame Number   1, of   20, at step time 9.250E-06
    56153  1.110E-05 1.110E-05  00:00:47 1.949E-10          18  7.572E-06 -7.398E-05
INSTANCE WITH CRITICAL ELEMENT: PART-ROLL-BOTTOM-1-1
Output Field Frame Number   3, of   50, at step time 1.110E-05
    75132  1.480E-05 1.480E-05  00:01:03 1.949E-10          18  2.235E-06 -2.245E-04
INSTANCE WITH CRITICAL ELEMENT: PART-ROLL-BOTTOM-1-1
Output Field Frame Number   4, of   50, at step time 1.480E-05
    94112  1.850E-05 1.850E-05  00:01:19 1.949E-10          18  1.857E-06 -4.152E-04
INSTANCE WITH CRITICAL ELEMENT: PART-ROLL-BOTTOM-1-1
Output Field Frame Number   2, of   20, at step time 1.850E-05
Output Field Frame Number   5, of   50, at step time 1.850E-05
   113092  2.220E-05 2.220E-05  00:01:35 1.949E-10          18  1.791E-06 -6.463E-04
INSTANCE WITH CRITICAL ELEMENT: PART-ROLL-BOTTOM-1-1
Output Field Frame Number   6, of   50, at step time 2.220E-05
   132072  2.590E-05 2.590E-05  00:01:51 1.949E-10          18  1.802E-06 -9.177E-04
INSTANCE WITH CRITICAL ELEMENT: PART-ROLL-BOTTOM-1-1
Output Field Frame Number   7, of   50, at step time 2.590E-05
   141561  2.775E-05 2.775E-05  00:01:59 1.949E-10          18  1.808E-06 -1.069E-03
INSTANCE WITH CRITICAL ELEMENT: PART-ROLL-BOTTOM-1-1
Output Field Frame Number   3, of   20, at step time 2.775E-05
   151051  2.960E-05 2.960E-05  00:02:07 1.949E-10          18  1.813E-06 -1.229E-03
INSTANCE WITH CRITICAL ELEMENT: PART-ROLL-BOTTOM-1-1
Output Field Frame Number   8, of   50, at step time 2.960E-05
   170031  3.330E-05 3.330E-05  00:02:23 1.949E-10          18  1.819E-06 -1.582E-03
INSTANCE WITH CRITICAL ELEMENT: PART-ROLL-BOTTOM-1-1
Output Field Frame Number   9, of   50, at step time 3.330E-05
   189011  3.700E-05 3.700E-05  00:02:39 1.949E-10          18  1.821E-06 -1.974E-03
INSTANCE WITH CRITICAL ELEMENT: PART-ROLL-BOTTOM-1-1
Output Field Frame Number   4, of   20, at step time 3.700E-05
Output Field Frame Number  10, of   50, at step time 3.700E-05
   207991  4.070E-05 4.070E-05  00:02:55 1.949E-10          18  1.820E-06 -2.407E-03
INSTANCE WITH CRITICAL ELEMENT: PART-ROLL-BOTTOM-1-1
Output Field Frame Number  11, of   50, at step time 4.070E-05
   226971  4.440E-05 4.440E-05  00:03:11 1.949E-10          18  1.820E-06 -2.880E-03
INSTANCE WITH CRITICAL ELEMENT: PART-ROLL-BOTTOM-1-1
Output Field Frame Number  12, of   50, at step time 4.440E-05
   236461  4.625E-05 4.625E-05  00:03:19 1.949E-10          18  1.819E-06 -3.131E-03
INSTANCE WITH CRITICAL ELEMENT: PART-ROLL-BOTTOM-1-1
Output Field Frame Number   5, of   20, at step time 4.625E-05
   245951  4.810E-05 4.810E-05  00:03:27 1.949E-10          18  1.819E-06 -3.393E-03
INSTANCE WITH CRITICAL ELEMENT: PART-ROLL-BOTTOM-1-1
Output Field Frame Number  13, of   50, at step time 4.810E-05
   264930  5.180E-05 5.180E-05  00:03:43 1.949E-10          18  1.818E-06 -3.946E-03
INSTANCE WITH CRITICAL ELEMENT: PART-ROLL-BOTTOM-1-1
Output Field Frame Number  14, of   50, at step time 5.180E-05
   283910  5.550E-05 5.550E-05  00:03:59 1.949E-10          18  1.818E-06 -4.539E-03
INSTANCE WITH CRITICAL ELEMENT: PART-ROLL-BOTTOM-1-1
Output Field Frame Number   6, of   20, at step time 5.550E-05
Output Field Frame Number  15, of   50, at step time 5.550E-05
   302890  5.920E-05 5.920E-05  00:04:15 1.949E-10          18  1.817E-06 -5.172E-03
INSTANCE WITH CRITICAL ELEMENT: PART-ROLL-BOTTOM-1-1
Output Field Frame Number  16, of   50, at step time 5.920E-05
   321870  6.290E-05 6.290E-05  00:04:31 1.949E-10          18  1.816E-06 -5.845E-03
INSTANCE WITH CRITICAL ELEMENT: PART-ROLL-BOTTOM-1-1
Output Field Frame Number  17, of   50, at step time 6.290E-05
   331360  6.475E-05 6.475E-05  00:04:39 1.949E-10          18  1.815E-06 -6.196E-03
INSTANCE WITH CRITICAL ELEMENT: PART-ROLL-BOTTOM-1-1
Output Field Frame Number   7, of   20, at step time 6.475E-05
   340850  6.660E-05 6.660E-05  00:04:47 1.949E-10          18  1.815E-06 -6.557E-03
INSTANCE WITH CRITICAL ELEMENT: PART-ROLL-BOTTOM-1-1
Output Field Frame Number  18, of   50, at step time 6.660E-05
   359830  7.030E-05 7.030E-05  00:05:03 1.949E-10          18  1.814E-06 -7.308E-03
INSTANCE WITH CRITICAL ELEMENT: PART-ROLL-BOTTOM-1-1
Output Field Frame Number  19, of   50, at step time 7.030E-05
   378810  7.400E-05 7.400E-05  00:05:18 1.949E-10          18  1.813E-06 -8.099E-03
INSTANCE WITH CRITICAL ELEMENT: PART-ROLL-BOTTOM-1-1
Output Field Frame Number   8, of   20, at step time 7.400E-05
Output Field Frame Number  20, of   50, at step time 7.400E-05
   397790  7.770E-05 7.770E-05  00:05:34 1.949E-10          18  1.812E-06 -8.929E-03
INSTANCE WITH CRITICAL ELEMENT: PART-ROLL-BOTTOM-1-1
Output Field Frame Number  21, of   50, at step time 7.770E-05
   416770  8.140E-05 8.140E-05  00:05:50 1.949E-10          18  1.810E-06 -9.797E-03
INSTANCE WITH CRITICAL ELEMENT: PART-ROLL-BOTTOM-1-1
Output Field Frame Number  22, of   50, at step time 8.140E-05
   426260  8.325E-05 8.325E-05  00:05:58 1.949E-10          18  1.810E-06 -1.025E-02
INSTANCE WITH CRITICAL ELEMENT: PART-ROLL-BOTTOM-1-1
Output Field Frame Number   9, of   20, at step time 8.325E-05
   435750  8.510E-05 8.510E-05  00:06:06 1.949E-10          18  1.809E-06 -1.070E-02
INSTANCE WITH CRITICAL ELEMENT: PART-ROLL-BOTTOM-1-1
Output Field Frame Number  23, of   50, at step time 8.510E-05
   454730  8.880E-05 8.880E-05  00:06:22 1.949E-10          18  1.808E-06 -1.165E-02
INSTANCE WITH CRITICAL ELEMENT: PART-ROLL-BOTTOM-1-1
Output Field Frame Number  24, of   50, at step time 8.880E-05
   473709  9.250E-05 9.250E-05  00:06:38 1.949E-10          18  1.806E-06 -1.263E-02
INSTANCE WITH CRITICAL ELEMENT: PART-ROLL-BOTTOM-1-1
Output Field Frame Number  10, of   20, at step time 9.250E-05
Output Field Frame Number  25, of   50, at step time 9.250E-05
   492689  9.620E-05 9.620E-05  00:06:54 1.949E-10          18  1.804E-06 -1.365E-02
INSTANCE WITH CRITICAL ELEMENT: PART-ROLL-BOTTOM-1-1
Output Field Frame Number  26, of   50, at step time 9.620E-05
   511669  9.990E-05 9.990E-05  00:07:10 1.949E-10          18  1.803E-06 -1.471E-02
INSTANCE WITH CRITICAL ELEMENT: PART-ROLL-BOTTOM-1-1
Output Field Frame Number  27, of   50, at step time 9.990E-05
   521159  1.018E-04 1.018E-04  00:07:18 1.949E-10          18  1.802E-06 -1.525E-02
INSTANCE WITH CRITICAL ELEMENT: PART-ROLL-BOTTOM-1-1
Output Field Frame Number  11, of   20, at step time 1.018E-04
   530649  1.036E-04 1.036E-04  00:07:26 1.949E-10          18  1.801E-06 -1.580E-02
INSTANCE WITH CRITICAL ELEMENT: PART-ROLL-BOTTOM-1-1
Output Field Frame Number  28, of   50, at step time 1.036E-04
   549629  1.073E-04 1.073E-04  00:07:42 1.949E-10          18  1.799E-06 -1.693E-02
INSTANCE WITH CRITICAL ELEMENT: PART-ROLL-BOTTOM-1-1
Output Field Frame Number  29, of   50, at step time 1.073E-04
   568609  1.110E-04 1.110E-04  00:07:58 1.949E-10          18  1.797E-06 -1.810E-02
INSTANCE WITH CRITICAL ELEMENT: PART-ROLL-BOTTOM-1-1
Output Field Frame Number  12, of   20, at step time 1.110E-04
Output Field Frame Number  30, of   50, at step time 1.110E-04
   587590  1.147E-04 1.147E-04  00:08:14 1.949E-10          18  1.795E-06 -1.930E-02
INSTANCE WITH CRITICAL ELEMENT: PART-ROLL-BOTTOM-1-1
Output Field Frame Number  31, of   50, at step time 1.147E-04
   606570  1.184E-04 1.184E-04  00:08:30 1.949E-10          18  1.793E-06 -2.053E-02
INSTANCE WITH CRITICAL ELEMENT: PART-ROLL-BOTTOM-1-1
Output Field Frame Number  32, of   50, at step time 1.184E-04
   616060  1.203E-04 1.203E-04  00:08:38 1.949E-10          18  1.793E-06 -2.117E-02
INSTANCE WITH CRITICAL ELEMENT: PART-ROLL-BOTTOM-1-1
Output Field Frame Number  13, of   20, at step time 1.203E-04

 STEP 1  ORIGIN 0.0000

              STEP     TOTAL      WALL      STABLE    CRITICAL    KINETIC      TOTAL
INCREMENT     TIME      TIME      TIME   INCREMENT     ELEMENT     ENERGY     ENERGY
   625550  1.221E-04 1.221E-04  00:08:46 1.949E-10          18  1.792E-06 -2.181E-02
INSTANCE WITH CRITICAL ELEMENT: PART-ROLL-BOTTOM-1-1
Output Field Frame Number  33, of   50, at step time 1.221E-04
   644530  1.258E-04 1.258E-04  00:09:02 1.949E-10          18  1.791E-06 -2.311E-02
INSTANCE WITH CRITICAL ELEMENT: PART-ROLL-BOTTOM-1-1
Output Field Frame Number  34, of   50, at step time 1.258E-04
   663437  1.295E-04 1.295E-04  00:09:18 2.045E-10          18  6.897E-03 -1.625E-02
INSTANCE WITH CRITICAL ELEMENT: PART-ROLL-BOTTOM-1-1
Output Field Frame Number  14, of   20, at step time 1.295E-04
Output Field Frame Number  35, of   50, at step time 1.295E-04
   681534  1.332E-04 1.332E-04  00:09:33 2.045E-10          18  5.114E-03 -1.651E-02
INSTANCE WITH CRITICAL ELEMENT: PART-ROLL-BOTTOM-1-1
Output Field Frame Number  36, of   50, at step time 1.332E-04
   699630  1.369E-04 1.369E-04  00:09:48 2.045E-10          18  4.272E-03 -1.713E-02
INSTANCE WITH CRITICAL ELEMENT: PART-ROLL-BOTTOM-1-1
Output Field Frame Number  37, of   50, at step time 1.369E-04
   708679  1.388E-04 1.388E-04  00:09:56 2.045E-10          18  3.982E-03 -1.739E-02
INSTANCE WITH CRITICAL ELEMENT: PART-ROLL-BOTTOM-1-1
Output Field Frame Number  15, of   20, at step time 1.388E-04
   717727  1.406E-04 1.406E-04  00:10:03 2.045E-10          18  3.145E-03 -1.814E-02
INSTANCE WITH CRITICAL ELEMENT: PART-ROLL-BOTTOM-1-1
Output Field Frame Number  38, of   50, at step time 1.406E-04
   735823  1.443E-04 1.443E-04  00:10:18 2.045E-10          18  2.757E-03 -1.837E-02
INSTANCE WITH CRITICAL ELEMENT: PART-ROLL-BOTTOM-1-1
Output Field Frame Number  39, of   50, at step time 1.443E-04
   753922  1.480E-04 1.480E-04  00:10:34 2.045E-10          18  3.411E-03 -1.757E-02
INSTANCE WITH CRITICAL ELEMENT: PART-ROLL-BOTTOM-1-1
Output Field Frame Number  16, of   20, at step time 1.480E-04
Output Field Frame Number  40, of   50, at step time 1.480E-04
   772019  1.517E-04 1.517E-04  00:10:49 2.045E-10          18  3.013E-03 -1.785E-02
INSTANCE WITH CRITICAL ELEMENT: PART-ROLL-BOTTOM-1-1
Output Field Frame Number  41, of   50, at step time 1.517E-04
   790115  1.554E-04 1.554E-04  00:11:04 2.045E-10          18  3.144E-03 -1.772E-02
INSTANCE WITH CRITICAL ELEMENT: PART-ROLL-BOTTOM-1-1
Output Field Frame Number  42, of   50, at step time 1.554E-04
   799164  1.573E-04 1.573E-04  00:11:11 2.045E-10          18  3.124E-03 -1.773E-02
INSTANCE WITH CRITICAL ELEMENT: PART-ROLL-BOTTOM-1-1
Output Field Frame Number  17, of   20, at step time 1.573E-04
   808212  1.591E-04 1.591E-04  00:11:19 2.045E-10          18  3.112E-03 -1.775E-02
INSTANCE WITH CRITICAL ELEMENT: PART-ROLL-BOTTOM-1-1
Output Field Frame Number  43, of   50, at step time 1.591E-04
   826308  1.628E-04 1.628E-04  00:11:33 2.045E-10          18  3.100E-03 -1.776E-02
INSTANCE WITH CRITICAL ELEMENT: PART-ROLL-BOTTOM-1-1
Output Field Frame Number  44, of   50, at step time 1.628E-04
   844405  1.665E-04 1.665E-04  00:11:48 2.045E-10          18  3.110E-03 -1.775E-02
INSTANCE WITH CRITICAL ELEMENT: PART-ROLL-BOTTOM-1-1
Output Field Frame Number  18, of   20, at step time 1.665E-04
Output Field Frame Number  45, of   50, at step time 1.665E-04
   862501  1.702E-04 1.702E-04  00:12:03 2.045E-10          18  3.100E-03 -1.776E-02
INSTANCE WITH CRITICAL ELEMENT: PART-ROLL-BOTTOM-1-1
Output Field Frame Number  46, of   50, at step time 1.702E-04
   880598  1.739E-04 1.739E-04  00:12:18 2.045E-10          18  3.101E-03 -1.776E-02
INSTANCE WITH CRITICAL ELEMENT: PART-ROLL-BOTTOM-1-1
Output Field Frame Number  47, of   50, at step time 1.739E-04
   889646  1.758E-04 1.758E-04  00:12:26 2.045E-10          18  3.101E-03 -1.776E-02
INSTANCE WITH CRITICAL ELEMENT: PART-ROLL-BOTTOM-1-1
Output Field Frame Number  19, of   20, at step time 1.758E-04
   898694  1.776E-04 1.776E-04  00:12:33 2.045E-10          18  3.101E-03 -1.776E-02
INSTANCE WITH CRITICAL ELEMENT: PART-ROLL-BOTTOM-1-1
Output Field Frame Number  48, of   50, at step time 1.776E-04
   916790  1.813E-04 1.813E-04  00:12:48 2.045E-10          18  3.100E-03 -1.776E-02
INSTANCE WITH CRITICAL ELEMENT: PART-ROLL-BOTTOM-1-1
Output Field Frame Number  49, of   50, at step time 1.813E-04
   934887  1.850E-04 1.850E-04  00:13:03 2.045E-10          18  3.100E-03 -1.776E-02
INSTANCE WITH CRITICAL ELEMENT: PART-ROLL-BOTTOM-1-1
Restart Number  1 at 1.85000E-04
Output Field Frame Number  20, of   20, at step time 1.850E-04
Output Field Frame Number  50, of   50, at step time 1.850E-04
  EXPLICIT EXECUTABLE TIME SUMMARY
       USER TIME (SEC)      =   616.93
       SYSTEM TIME (SEC)    =   165.26
       WALLCLOCK TIME (SEC) =          783
              INIT (SEC) =          0
              MAIN (SEC) =        783

  THE ANALYSIS HAS COMPLETED SUCCESSFULLY

