
The double precision Abaqus/Package executable will be used in this analysis.

Abaqus/Explicit 2023                             DATE 19-Nov-2025  TIME 20:49:06
-------------------------------------------------------------------------------
 PREPROCESSOR WARNING MESSAGES
-------------------------------------------------------------------------------


***WARNING: There are 11 warning messages in the data (.dat) file.  Please
            check the data file for possible errors in the input file.


-------------------------------------------------------------------------------
           DOMAIN DECOMPOSITION INFORMATION
-------------------------------------------------------------------------------


     DOMAIN 1 HAS 36 ELEMENTS AND 50 NODES with WEIGHT 16.608

     DOMAIN 2 HAS 36 ELEMENTS AND 52 NODES with WEIGHT 16.485

     DOMAIN 3 HAS 63 ELEMENTS AND 67 NODES with WEIGHT 16.758

     DOMAIN 4 HAS 37 ELEMENTS AND 52 NODES with WEIGHT 16.924

     DOMAIN 5 HAS 52 ELEMENTS AND 65 NODES with WEIGHT 16.678

     DOMAIN 6 HAS 36 ELEMENTS AND 52 NODES with WEIGHT 16.547


-------------------------------------------------------------------------------
  USER SUBROUTINE VUMAT
-------------------------------------------------------------------------------


***WARNING: A material defined in user subroutine VUMAT must be defined as
            purely elastic (using the initial elastic modulus) at the
            beginning of the analysis (stepTime=0). This is an informative
            message. It does not necessarily indicate that user subroutine
            VUMAT is incorrectly defined.


-------------------------------------------------------------------------------
 MODEL INFORMATION (IN GLOBAL X-Y COORDINATES)
-------------------------------------------------------------------------------

   Total mass in model = 5.67212E-10
   Center of mass of model = ( 4.918553E-01, 1.610903E-01)

   Moments of Inertia :
                 About Center of Mass              About Origin
      I(XX)          5.439104E-12                  2.015831E-11
      I(YY)          4.634084E-11                  1.835618E-10
      I(XY)          9.458519E-13                 -4.399615E-11
      I(ZZ)          5.177994E-11                  2.037201E-10

-------------------------------------------------------------------------------
 STABLE TIME INCREMENT INFORMATION
-------------------------------------------------------------------------------


  The stable time increment estimate for each element is based on
  linearization about the initial state.


   Initial time increment = 2.04460E-10

   Statistics for all elements:
      Mean = 1.01803E-08
      Standard deviation = 5.14154E-09

   Most critical elements:
    Element number   Rank    Time increment   Increment ratio
    (Instance name)
   ----------------------------------------------------------


  Instance name for the most critical element will be printed if the critical
  element changes or at the beginning of a new page.


-------------------------------------------------------------------------------

  INFORMATION REGARDING INITIAL CONTACT OVERCLOSURES FOR NEWLY DEFINED GENERAL
  CONTACT INTERACTIONS IN STEP 1

-------------------------------------------------------------------------------

  No initial node-face overclosures found.


  No nodal position adjustments have been made.


  No unresolved initial node-face overclosures found.


Abaqus/Explicit 2023                             DATE 19-Nov-2025  TIME 20:49:09

The double precision Abaqus/Explicit executable will be used in this analysis.

The model has been decomposed into 6 domains.
Domain level parallelization will be used with 6 processors.

-------------------------------------------------------------------------------
 SOLUTION PROGRESS
-------------------------------------------------------------------------------

 STEP 1  ORIGIN 0.0000

  Total memory used for step 1 is approximately 4.5 megabytes.
  Element by element stable time estimation algorithm will be used.
  Scaling factor:  1.0000
              STEP     TOTAL      WALL      STABLE    CRITICAL    KINETIC      TOTAL
INCREMENT     TIME      TIME      TIME   INCREMENT     ELEMENT     ENERGY     ENERGY
        0  0.000E+00 0.000E+00  00:00:00 2.045E-10          18  8.737E-08  8.737E-08
INSTANCE WITH CRITICAL ELEMENT: PART-ROLL-BOTTOM-1-1
Output Field Frame Number   0, of   20, at step time 0.000E+00
Output Field Frame Number   0, of   60, at step time 0.000E+00
    11107  2.250E-06 2.250E-06  00:00:13 1.949E-10          18  4.040E-05  1.308E-04
INSTANCE WITH CRITICAL ELEMENT: PART-ROLL-BOTTOM-1-1
Output Field Frame Number   1, of   60, at step time 2.250E-06
    22504  4.500E-06 4.500E-06  00:00:25 1.949E-10          18  1.813E-05  6.728E-05
INSTANCE WITH CRITICAL ELEMENT: PART-ROLL-BOTTOM-1-1
Output Field Frame Number   2, of   60, at step time 4.500E-06
    34045  6.750E-06 6.750E-06  00:00:39 1.949E-10          18  1.417E-05 -1.713E-05
INSTANCE WITH CRITICAL ELEMENT: PART-ROLL-BOTTOM-1-1
Output Field Frame Number   1, of   20, at step time 6.750E-06
Output Field Frame Number   3, of   60, at step time 6.750E-06
    45587  9.000E-06 9.000E-06  00:00:52 1.949E-10          18  5.941E-06 -1.239E-04
INSTANCE WITH CRITICAL ELEMENT: PART-ROLL-BOTTOM-1-1
Output Field Frame Number   4, of   60, at step time 9.000E-06
    57129  1.125E-05 1.125E-05  00:01:04 1.949E-10          18  9.623E-06 -2.545E-04
INSTANCE WITH CRITICAL ELEMENT: PART-ROLL-BOTTOM-1-1
Output Field Frame Number   5, of   60, at step time 1.125E-05
    68671  1.350E-05 1.350E-05  00:01:17 1.949E-10          18  4.056E-06 -4.172E-04
INSTANCE WITH CRITICAL ELEMENT: PART-ROLL-BOTTOM-1-1
Output Field Frame Number   2, of   20, at step time 1.350E-05
Output Field Frame Number   6, of   60, at step time 1.350E-05
    80212  1.575E-05 1.575E-05  00:01:30 1.949E-10          18  2.637E-06 -6.065E-04
INSTANCE WITH CRITICAL ELEMENT: PART-ROLL-BOTTOM-1-1
Output Field Frame Number   7, of   60, at step time 1.575E-05
    91754  1.800E-05 1.800E-05  00:01:43 1.949E-10          18  2.482E-06 -8.245E-04
INSTANCE WITH CRITICAL ELEMENT: PART-ROLL-BOTTOM-1-1
Output Field Frame Number   8, of   60, at step time 1.800E-05
   103296  2.025E-05 2.025E-05  00:01:56 1.949E-10          18  3.210E-06 -1.070E-03
INSTANCE WITH CRITICAL ELEMENT: PART-ROLL-BOTTOM-1-1
Output Field Frame Number   3, of   20, at step time 2.025E-05
Output Field Frame Number   9, of   60, at step time 2.025E-05
   114838  2.250E-05 2.250E-05  00:02:09 1.949E-10          18  3.533E-06 -1.344E-03
INSTANCE WITH CRITICAL ELEMENT: PART-ROLL-BOTTOM-1-1
Output Field Frame Number  10, of   60, at step time 2.250E-05
   126379  2.475E-05 2.475E-05  00:02:22 1.949E-10          18  3.631E-06 -1.646E-03
INSTANCE WITH CRITICAL ELEMENT: PART-ROLL-BOTTOM-1-1
Output Field Frame Number  11, of   60, at step time 2.475E-05
   137921  2.700E-05 2.700E-05  00:02:34 1.949E-10          18  3.518E-06 -1.976E-03
INSTANCE WITH CRITICAL ELEMENT: PART-ROLL-BOTTOM-1-1
Output Field Frame Number   4, of   20, at step time 2.700E-05
Output Field Frame Number  12, of   60, at step time 2.700E-05
   149463  2.925E-05 2.925E-05  00:02:47 1.949E-10          18  3.392E-06 -2.334E-03
INSTANCE WITH CRITICAL ELEMENT: PART-ROLL-BOTTOM-1-1
Output Field Frame Number  13, of   60, at step time 2.925E-05
   161005  3.150E-05 3.150E-05  00:03:00 1.949E-10          18  3.389E-06 -2.720E-03
INSTANCE WITH CRITICAL ELEMENT: PART-ROLL-BOTTOM-1-1
Output Field Frame Number  14, of   60, at step time 3.150E-05
   172547  3.375E-05 3.375E-05  00:03:13 1.949E-10          18  3.394E-06 -3.133E-03
INSTANCE WITH CRITICAL ELEMENT: PART-ROLL-BOTTOM-1-1
Output Field Frame Number   5, of   20, at step time 3.375E-05
Output Field Frame Number  15, of   60, at step time 3.375E-05
   184088  3.600E-05 3.600E-05  00:03:26 1.949E-10          18  3.413E-06 -3.575E-03
INSTANCE WITH CRITICAL ELEMENT: PART-ROLL-BOTTOM-1-1
Output Field Frame Number  16, of   60, at step time 3.600E-05
   195630  3.825E-05 3.825E-05  00:03:39 1.949E-10          18  3.426E-06 -4.044E-03
INSTANCE WITH CRITICAL ELEMENT: PART-ROLL-BOTTOM-1-1
Output Field Frame Number  17, of   60, at step time 3.825E-05
   207172  4.050E-05 4.050E-05  00:03:52 1.949E-10          18  3.417E-06 -4.541E-03
INSTANCE WITH CRITICAL ELEMENT: PART-ROLL-BOTTOM-1-1
Output Field Frame Number   6, of   20, at step time 4.050E-05
Output Field Frame Number  18, of   60, at step time 4.050E-05
   218714  4.275E-05 4.275E-05  00:04:04 1.949E-10          18  3.415E-06 -5.066E-03
INSTANCE WITH CRITICAL ELEMENT: PART-ROLL-BOTTOM-1-1
Output Field Frame Number  19, of   60, at step time 4.275E-05
   230256  4.500E-05 4.500E-05  00:04:17 1.949E-10          18  3.411E-06 -5.619E-03
INSTANCE WITH CRITICAL ELEMENT: PART-ROLL-BOTTOM-1-1
Output Field Frame Number  20, of   60, at step time 4.500E-05
   241797  4.725E-05 4.725E-05  00:04:30 1.949E-10          18  3.408E-06 -6.198E-03
INSTANCE WITH CRITICAL ELEMENT: PART-ROLL-BOTTOM-1-1
Output Field Frame Number   7, of   20, at step time 4.725E-05
Output Field Frame Number  21, of   60, at step time 4.725E-05
   253339  4.950E-05 4.950E-05  00:04:43 1.949E-10          18  3.409E-06 -6.806E-03
INSTANCE WITH CRITICAL ELEMENT: PART-ROLL-BOTTOM-1-1
Output Field Frame Number  22, of   60, at step time 4.950E-05
   264881  5.175E-05 5.175E-05  00:04:56 1.949E-10          18  3.407E-06 -7.440E-03
INSTANCE WITH CRITICAL ELEMENT: PART-ROLL-BOTTOM-1-1
Output Field Frame Number  23, of   60, at step time 5.175E-05
   276423  5.400E-05 5.400E-05  00:05:09 1.949E-10          18  3.405E-06 -8.102E-03
INSTANCE WITH CRITICAL ELEMENT: PART-ROLL-BOTTOM-1-1
Output Field Frame Number   8, of   20, at step time 5.400E-05
Output Field Frame Number  24, of   60, at step time 5.400E-05
   287965  5.625E-05 5.625E-05  00:05:22 1.949E-10          18  3.404E-06 -8.791E-03
INSTANCE WITH CRITICAL ELEMENT: PART-ROLL-BOTTOM-1-1
Output Field Frame Number  25, of   60, at step time 5.625E-05
   299507  5.850E-05 5.850E-05  00:05:35 1.949E-10          18  3.401E-06 -9.507E-03
INSTANCE WITH CRITICAL ELEMENT: PART-ROLL-BOTTOM-1-1
Output Field Frame Number  26, of   60, at step time 5.850E-05
   311049  6.075E-05 6.075E-05  00:05:48 1.949E-10          18  3.399E-06 -1.025E-02
INSTANCE WITH CRITICAL ELEMENT: PART-ROLL-BOTTOM-1-1
Output Field Frame Number   9, of   20, at step time 6.075E-05
Output Field Frame Number  27, of   60, at step time 6.075E-05
   322590  6.300E-05 6.300E-05  00:06:00 1.949E-10          18  3.397E-06 -1.102E-02
INSTANCE WITH CRITICAL ELEMENT: PART-ROLL-BOTTOM-1-1
Output Field Frame Number  28, of   60, at step time 6.300E-05
   334132  6.525E-05 6.525E-05  00:06:13 1.949E-10          18  3.395E-06 -1.181E-02
INSTANCE WITH CRITICAL ELEMENT: PART-ROLL-BOTTOM-1-1
Output Field Frame Number  29, of   60, at step time 6.525E-05
   345674  6.750E-05 6.750E-05  00:06:26 1.949E-10          18  3.393E-06 -1.263E-02
INSTANCE WITH CRITICAL ELEMENT: PART-ROLL-BOTTOM-1-1
Output Field Frame Number  10, of   20, at step time 6.750E-05
Output Field Frame Number  30, of   60, at step time 6.750E-05
   357216  6.975E-05 6.975E-05  00:06:39 1.949E-10          18  3.390E-06 -1.348E-02
INSTANCE WITH CRITICAL ELEMENT: PART-ROLL-BOTTOM-1-1
Output Field Frame Number  31, of   60, at step time 6.975E-05
   368758  7.200E-05 7.200E-05  00:06:52 1.949E-10          18  3.388E-06 -1.436E-02
INSTANCE WITH CRITICAL ELEMENT: PART-ROLL-BOTTOM-1-1
Output Field Frame Number  32, of   60, at step time 7.200E-05
   380300  7.425E-05 7.425E-05  00:07:05 1.949E-10          18  3.385E-06 -1.525E-02
INSTANCE WITH CRITICAL ELEMENT: PART-ROLL-BOTTOM-1-1
Output Field Frame Number  11, of   20, at step time 7.425E-05
Output Field Frame Number  33, of   60, at step time 7.425E-05
   391842  7.650E-05 7.650E-05  00:07:18 1.949E-10          18  3.382E-06 -1.618E-02
INSTANCE WITH CRITICAL ELEMENT: PART-ROLL-BOTTOM-1-1
Output Field Frame Number  34, of   60, at step time 7.650E-05
   403384  7.875E-05 7.875E-05  00:07:31 1.949E-10          18  3.379E-06 -1.713E-02
INSTANCE WITH CRITICAL ELEMENT: PART-ROLL-BOTTOM-1-1
Output Field Frame Number  35, of   60, at step time 7.875E-05
   414925  8.100E-05 8.100E-05  00:07:43 1.949E-10          18  3.376E-06 -1.810E-02
INSTANCE WITH CRITICAL ELEMENT: PART-ROLL-BOTTOM-1-1
Output Field Frame Number  12, of   20, at step time 8.100E-05
Output Field Frame Number  36, of   60, at step time 8.100E-05
   426467  8.325E-05 8.325E-05  00:07:57 1.949E-10          18  3.373E-06 -1.910E-02
INSTANCE WITH CRITICAL ELEMENT: PART-ROLL-BOTTOM-1-1
Output Field Frame Number  37, of   60, at step time 8.325E-05
   438009  8.550E-05 8.550E-05  00:08:09 1.949E-10          18  3.370E-06 -2.012E-02
INSTANCE WITH CRITICAL ELEMENT: PART-ROLL-BOTTOM-1-1
Output Field Frame Number  38, of   60, at step time 8.550E-05
   449551  8.775E-05 8.775E-05  00:08:22 1.949E-10          18  3.368E-06 -2.117E-02
INSTANCE WITH CRITICAL ELEMENT: PART-ROLL-BOTTOM-1-1
Output Field Frame Number  13, of   20, at step time 8.775E-05
Output Field Frame Number  39, of   60, at step time 8.775E-05

 STEP 1  ORIGIN 0.0000

              STEP     TOTAL      WALL      STABLE    CRITICAL    KINETIC      TOTAL
INCREMENT     TIME      TIME      TIME   INCREMENT     ELEMENT     ENERGY     ENERGY
   461093  9.000E-05 9.000E-05  00:08:35 1.949E-10          18  3.366E-06 -2.224E-02
INSTANCE WITH CRITICAL ELEMENT: PART-ROLL-BOTTOM-1-1
Output Field Frame Number  40, of   60, at step time 9.000E-05
   472635  9.225E-05 9.225E-05  00:08:48 1.949E-10          18  3.363E-06 -2.334E-02
INSTANCE WITH CRITICAL ELEMENT: PART-ROLL-BOTTOM-1-1
Output Field Frame Number  41, of   60, at step time 9.225E-05
   484137  9.450E-05 9.450E-05  00:09:00 2.045E-10          18  5.006E-03 -1.830E-02
INSTANCE WITH CRITICAL ELEMENT: PART-ROLL-BOTTOM-1-1
Output Field Frame Number  14, of   20, at step time 9.450E-05
Output Field Frame Number  42, of   60, at step time 9.450E-05
   495143  9.675E-05 9.675E-05  00:09:13 2.045E-10          18  4.506E-03 -1.729E-02
INSTANCE WITH CRITICAL ELEMENT: PART-ROLL-BOTTOM-1-1
Output Field Frame Number  43, of   60, at step time 9.675E-05
   506147  9.900E-05 9.900E-05  00:09:25 2.045E-10          18  2.619E-03 -1.897E-02
INSTANCE WITH CRITICAL ELEMENT: PART-ROLL-BOTTOM-1-1
Output Field Frame Number  44, of   60, at step time 9.900E-05
   517152  1.013E-04 1.013E-04  00:09:37 2.045E-10          18  3.897E-03 -1.757E-02
INSTANCE WITH CRITICAL ELEMENT: PART-ROLL-BOTTOM-1-1
Output Field Frame Number  15, of   20, at step time 1.013E-04
Output Field Frame Number  45, of   60, at step time 1.013E-04
   528157  1.035E-04 1.035E-04  00:09:49 2.045E-10          18  3.025E-03 -1.835E-02
INSTANCE WITH CRITICAL ELEMENT: PART-ROLL-BOTTOM-1-1
Output Field Frame Number  46, of   60, at step time 1.035E-04
   539161  1.058E-04 1.058E-04  00:10:01 2.045E-10          18  2.970E-03 -1.832E-02
INSTANCE WITH CRITICAL ELEMENT: PART-ROLL-BOTTOM-1-1
Output Field Frame Number  47, of   60, at step time 1.058E-04
   550166  1.080E-04 1.080E-04  00:10:13 2.045E-10          18  4.252E-03 -1.692E-02
INSTANCE WITH CRITICAL ELEMENT: PART-ROLL-BOTTOM-1-1
Output Field Frame Number  16, of   20, at step time 1.080E-04
Output Field Frame Number  48, of   60, at step time 1.080E-04
   561170  1.103E-04 1.103E-04  00:10:26 2.045E-10          18  3.149E-03 -1.799E-02
INSTANCE WITH CRITICAL ELEMENT: PART-ROLL-BOTTOM-1-1
Output Field Frame Number  49, of   60, at step time 1.103E-04
   572175  1.125E-04 1.125E-04  00:10:38 2.045E-10          18  3.044E-03 -1.801E-02
INSTANCE WITH CRITICAL ELEMENT: PART-ROLL-BOTTOM-1-1
Output Field Frame Number  50, of   60, at step time 1.125E-04
   583180  1.148E-04 1.148E-04  00:10:50 2.045E-10          18  3.180E-03 -1.774E-02
INSTANCE WITH CRITICAL ELEMENT: PART-ROLL-BOTTOM-1-1
Output Field Frame Number  17, of   20, at step time 1.148E-04
Output Field Frame Number  51, of   60, at step time 1.148E-04
   594184  1.170E-04 1.170E-04  00:11:03 2.045E-10          18  3.191E-03 -1.771E-02
INSTANCE WITH CRITICAL ELEMENT: PART-ROLL-BOTTOM-1-1
Output Field Frame Number  52, of   60, at step time 1.170E-04
   605189  1.193E-04 1.193E-04  00:11:15 2.045E-10          18  3.064E-03 -1.782E-02
INSTANCE WITH CRITICAL ELEMENT: PART-ROLL-BOTTOM-1-1
Output Field Frame Number  53, of   60, at step time 1.193E-04
   616193  1.215E-04 1.215E-04  00:11:27 2.045E-10          18  3.058E-03 -1.783E-02
INSTANCE WITH CRITICAL ELEMENT: PART-ROLL-BOTTOM-1-1
Output Field Frame Number  18, of   20, at step time 1.215E-04
Output Field Frame Number  54, of   60, at step time 1.215E-04
   627198  1.238E-04 1.238E-04  00:11:39 2.045E-10          18  3.068E-03 -1.782E-02
INSTANCE WITH CRITICAL ELEMENT: PART-ROLL-BOTTOM-1-1
Output Field Frame Number  55, of   60, at step time 1.238E-04
   638203  1.260E-04 1.260E-04  00:11:52 2.045E-10          18  3.068E-03 -1.782E-02
INSTANCE WITH CRITICAL ELEMENT: PART-ROLL-BOTTOM-1-1
Output Field Frame Number  56, of   60, at step time 1.260E-04
   649207  1.283E-04 1.283E-04  00:12:04 2.045E-10          18  3.059E-03 -1.783E-02
INSTANCE WITH CRITICAL ELEMENT: PART-ROLL-BOTTOM-1-1
Output Field Frame Number  19, of   20, at step time 1.283E-04
Output Field Frame Number  57, of   60, at step time 1.283E-04
   660212  1.305E-04 1.305E-04  00:12:16 2.045E-10          18  3.058E-03 -1.783E-02
INSTANCE WITH CRITICAL ELEMENT: PART-ROLL-BOTTOM-1-1
Output Field Frame Number  58, of   60, at step time 1.305E-04
   671216  1.328E-04 1.328E-04  00:12:28 2.045E-10          18  3.059E-03 -1.783E-02
INSTANCE WITH CRITICAL ELEMENT: PART-ROLL-BOTTOM-1-1
Output Field Frame Number  59, of   60, at step time 1.328E-04
   682221  1.350E-04 1.350E-04  00:12:40 2.045E-10          18  3.057E-03 -1.783E-02
INSTANCE WITH CRITICAL ELEMENT: PART-ROLL-BOTTOM-1-1
Restart Number  1 at 1.35000E-04
Output Field Frame Number  20, of   20, at step time 1.350E-04
Output Field Frame Number  60, of   60, at step time 1.350E-04
  EXPLICIT EXECUTABLE TIME SUMMARY
       USER TIME (SEC)      =   618.75
       SYSTEM TIME (SEC)    =   139.63
       WALLCLOCK TIME (SEC) =          760
              INIT (SEC) =          0
              MAIN (SEC) =        760

  THE ANALYSIS HAS COMPLETED SUCCESSFULLY

